<?xml version="1.0" encoding="UTF-8"?>
<testsuites>
	<testsuite tests="1" errors="0" failures="0" time="0.012" timestamp="2015-11-21T00:07:54">
		<testcase classname="App namespace" name="should be defined" time="0.006">
		</testcase>
	</testsuite>
</testsuites>

