<?xml version="1.0" encoding="UTF-8"?>
<testsuites>
	<testsuite tests="2" errors="0" failures="0" time="0.016" timestamp="2015-11-21T00:07:54">
		<testcase classname="#boostrap" name="should instantiate your view and return the view object" time="0.005">
		</testcase>
		<testcase classname="#boostrap" name="should add name to user model when submitted" time="0.009">
		</testcase>
	</testsuite>
</testsuites>

